0.000 INFO  /explore_debug_logger: explore_debug_logger: writing /home/abhijit/catkin_ws/src/team2_delivery/explore_debug.log
0.109 WARN  /move_base: global_costmap: Pre-Hydro parameter "static_map" unused since "plugins" is provided
0.113 INFO  /move_base: global_costmap: Using plugin "static_layer"
0.135 INFO  /move_base: Requesting the map...
0.210 INFO  /slam_gmapping: Laser is mounted upwards.
0.215 INFO  /slam_gmapping: Initialization complete
0.335 INFO  /move_base: Resizing costmap to 384 X 384 at 0.050000 m/pix
0.435 INFO  /move_base: Received a 384 X 384 map at 0.050000 m/pix
0.435 INFO  /move_base: Subscribing to updates
0.445 INFO  /move_base: global_costmap: Using plugin "obstacles"
0.452 INFO  /move_base:     Subscribed to Topics: laser
0.478 INFO  /move_base: global_costmap: Using plugin "inflation"
0.541 WARN  /move_base: local_costmap: Pre-Hydro parameter "static_map" unused since "plugins" is provided
0.543 INFO  /move_base: local_costmap: Using plugin "obstacles"
0.548 INFO  /move_base:     Subscribed to Topics: laser
0.567 INFO  /move_base: local_costmap: Using plugin "inflation"
0.618 INFO  /move_base: Created local_planner dwa_local_planner/DWAPlannerROS
0.622 INFO  /move_base: Sim period is set to 0.08
1.041 INFO  /explore: Waiting to connect to move_base server
1.110 INFO  /move_base: Recovery behavior will clear layer 'obstacles'
1.114 INFO  /move_base: Recovery behavior will clear layer 'obstacles'
1.161 INFO  /move_base: odom received!
1.415 INFO  /explore: Connected to move_base server
5.501 INFO  /move_base: Got new plan
6.502 INFO  /move_base: Got new plan
7.501 INFO  /move_base: Got new plan
8.501 INFO  /move_base: Got new plan
9.501 INFO  /move_base: Got new plan
9.584 INFO  /move_base: Got new plan
10.502 INFO  /move_base: Got new plan
11.584 INFO  /move_base: Got new plan
12.502 INFO  /move_base: Got new plan
13.584 INFO  /move_base: Got new plan
14.584 INFO  /move_base: Got new plan
17.585 INFO  /move_base: Got new plan
18.584 INFO  /move_base: Got new plan
19.584 INFO  /move_base: Got new plan
20.585 INFO  /move_base: Got new plan
29.584 INFO  /move_base: Got new plan
30.584 INFO  /move_base: Got new plan
31.588 INFO  /move_base: Got new plan
32.584 INFO  /move_base: Got new plan
33.501 INFO  /move_base: Got new plan
34.501 INFO  /move_base: Got new plan
35.501 INFO  /move_base: Got new plan
36.501 INFO  /move_base: Got new plan
37.502 INFO  /move_base: Got new plan
37.584 INFO  /move_base: Got new plan
38.584 INFO  /move_base: Got new plan
39.584 INFO  /move_base: Got new plan
40.584 INFO  /move_base: Got new plan
41.501 INFO  /move_base: Got new plan
42.418 INFO  /move_base: Got new plan
43.501 INFO  /move_base: Got new plan
44.502 INFO  /move_base: Got new plan
45.418 INFO  /move_base: Got new plan
45.501 INFO  /move_base: Got new plan
46.501 INFO  /move_base: Got new plan
46.922 WARN  /move_base: DWA planner failed to produce path.
47.001 INFO  /move_base: Got new plan
47.007 WARN  /move_base: DWA planner failed to produce path.
47.084 INFO  /move_base: Got new plan
48.084 INFO  /move_base: Got new plan
49.084 INFO  /move_base: Got new plan
49.584 INFO  /move_base: Got new plan
50.584 INFO  /move_base: Got new plan
51.584 INFO  /move_base: Got new plan
52.584 INFO  /move_base: Got new plan
53.584 INFO  /move_base: Got new plan
54.584 INFO  /move_base: Got new plan
55.584 INFO  /move_base: Got new plan
56.584 INFO  /move_base: Got new plan
57.584 INFO  /move_base: Got new plan
58.584 INFO  /move_base: Got new plan
59.502 INFO  /move_base: Got new plan
60.502 INFO  /move_base: Got new plan
61.501 INFO  /move_base: Got new plan
62.502 INFO  /move_base: Got new plan
63.501 INFO  /move_base: Got new plan
64.501 INFO  /move_base: Got new plan
65.501 INFO  /move_base: Got new plan
65.584 INFO  /move_base: Got new plan
66.584 INFO  /move_base: Got new plan
67.584 INFO  /move_base: Got new plan
68.584 INFO  /move_base: Got new plan
69.584 INFO  /move_base: Got new plan
70.585 INFO  /move_base: Got new plan
71.584 INFO  /move_base: Got new plan
72.584 INFO  /move_base: Got new plan
73.584 INFO  /move_base: Got new plan
74.584 INFO  /move_base: Got new plan
75.584 INFO  /move_base: Got new plan
76.584 INFO  /move_base: Got new plan
77.584 INFO  /move_base: Got new plan
78.584 INFO  /move_base: Got new plan
79.585 INFO  /move_base: Got new plan
80.584 INFO  /move_base: Got new plan
81.585 INFO  /move_base: Got new plan
82.585 INFO  /move_base: Got new plan
83.584 INFO  /move_base: Got new plan
84.584 INFO  /move_base: Got new plan
85.585 INFO  /move_base: Got new plan
86.584 INFO  /move_base: Got new plan
87.584 INFO  /move_base: Got new plan
88.584 INFO  /move_base: Got new plan
89.584 INFO  /move_base: Got new plan
90.584 INFO  /move_base: Got new plan
91.584 INFO  /move_base: Got new plan
92.584 INFO  /move_base: Got new plan
93.585 INFO  /move_base: Got new plan
94.585 INFO  /move_base: Got new plan
95.584 INFO  /move_base: Got new plan
96.584 INFO  /move_base: Got new plan
97.585 INFO  /move_base: Got new plan
98.584 INFO  /move_base: Got new plan
99.584 INFO  /move_base: Got new plan
100.585 INFO  /move_base: Got new plan
101.584 INFO  /move_base: Got new plan
102.585 INFO  /move_base: Got new plan
103.584 INFO  /move_base: Got new plan
104.584 INFO  /move_base: Got new plan
105.585 INFO  /move_base: Got new plan
106.584 INFO  /move_base: Got new plan
107.585 INFO  /move_base: Got new plan
108.584 INFO  /move_base: Got new plan
109.584 INFO  /move_base: Got new plan
110.584 INFO  /move_base: Got new plan
111.585 INFO  /move_base: Got new plan
112.584 INFO  /move_base: Got new plan
113.584 INFO  /move_base: Got new plan
114.584 INFO  /move_base: Got new plan
115.584 INFO  /move_base: Got new plan
116.585 INFO  /move_base: Got new plan
117.586 INFO  /move_base: Got new plan
118.584 INFO  /move_base: Got new plan
119.584 INFO  /move_base: Got new plan
120.584 INFO  /move_base: Got new plan
121.585 INFO  /move_base: Got new plan
122.584 INFO  /move_base: Got new plan
123.584 INFO  /move_base: Got new plan
124.584 INFO  /move_base: Got new plan
125.584 INFO  /move_base: Got new plan
126.584 INFO  /move_base: Got new plan
127.584 INFO  /move_base: Got new plan
128.585 INFO  /move_base: Got new plan
129.584 INFO  /move_base: Got new plan
130.585 INFO  /move_base: Got new plan
131.584 INFO  /move_base: Got new plan
132.584 INFO  /move_base: Got new plan
133.584 INFO  /move_base: Got new plan
134.585 INFO  /move_base: Got new plan
135.585 INFO  /move_base: Got new plan
136.585 INFO  /move_base: Got new plan
137.503 INFO  /move_base: Got new plan
138.584 INFO  /move_base: Got new plan
139.584 INFO  /move_base: Got new plan
140.585 INFO  /move_base: Got new plan
141.667 INFO  /move_base: Got new plan
142.667 INFO  /move_base: Got new plan
143.667 INFO  /move_base: Got new plan
144.667 INFO  /move_base: Got new plan
145.667 INFO  /move_base: Got new plan
146.667 INFO  /move_base: Got new plan
147.668 INFO  /move_base: Got new plan
148.668 INFO  /move_base: Got new plan
149.667 INFO  /move_base: Got new plan
150.667 INFO  /move_base: Got new plan
151.667 INFO  /move_base: Got new plan
152.667 INFO  /move_base: Got new plan
153.667 INFO  /move_base: Got new plan
154.667 INFO  /move_base: Got new plan
155.667 INFO  /move_base: Got new plan
156.667 INFO  /move_base: Got new plan
157.667 INFO  /move_base: Got new plan
158.667 INFO  /move_base: Got new plan
159.667 INFO  /move_base: Got new plan
160.667 INFO  /move_base: Got new plan
161.668 INFO  /move_base: Got new plan
162.667 INFO  /move_base: Got new plan
163.668 INFO  /move_base: Got new plan
164.668 INFO  /move_base: Got new plan
165.668 INFO  /move_base: Got new plan
166.667 INFO  /move_base: Got new plan
167.667 INFO  /move_base: Got new plan
168.667 INFO  /move_base: Got new plan
169.667 INFO  /move_base: Got new plan
169.676 WARN  /move_base: DWA planner failed to produce path.
169.751 INFO  /move_base: Got new plan
170.751 INFO  /move_base: Got new plan
171.754 INFO  /move_base: Got new plan
172.751 INFO  /move_base: Got new plan
173.751 INFO  /move_base: Got new plan
174.751 INFO  /move_base: Got new plan
175.752 INFO  /move_base: Got new plan
176.752 INFO  /move_base: Got new plan
177.751 INFO  /move_base: Got new plan
178.752 INFO  /move_base: Got new plan
179.751 INFO  /move_base: Got new plan
180.752 INFO  /move_base: Got new plan
181.751 INFO  /move_base: Got new plan
182.752 INFO  /move_base: Got new plan
183.085 WARN  /move_base: DWA planner failed to produce path.
183.167 INFO  /move_base: Got new plan
184.167 INFO  /move_base: Got new plan
185.167 INFO  /move_base: Got new plan
185.584 INFO  /move_base: Got new plan
186.585 INFO  /move_base: Got new plan
187.584 INFO  /move_base: Got new plan
188.584 INFO  /move_base: Got new plan
189.585 INFO  /move_base: Got new plan
190.584 INFO  /move_base: Got new plan
191.584 INFO  /move_base: Got new plan
192.584 INFO  /move_base: Got new plan
193.585 INFO  /move_base: Got new plan
194.584 INFO  /move_base: Got new plan
195.584 INFO  /move_base: Got new plan
196.584 INFO  /move_base: Got new plan
197.585 INFO  /move_base: Got new plan
198.584 INFO  /move_base: Got new plan
199.584 INFO  /move_base: Got new plan
200.584 INFO  /move_base: Got new plan
201.584 INFO  /move_base: Got new plan
202.585 INFO  /move_base: Got new plan
203.584 INFO  /move_base: Got new plan
204.584 INFO  /move_base: Got new plan
205.584 INFO  /move_base: Got new plan
206.585 INFO  /move_base: Got new plan
207.584 INFO  /move_base: Got new plan
208.584 INFO  /move_base: Got new plan
209.584 INFO  /move_base: Got new plan
210.584 INFO  /move_base: Got new plan
211.585 INFO  /move_base: Got new plan
212.584 INFO  /move_base: Got new plan
218.584 WARN  /move_base: Clearing both costmaps outside a square (1.00m) large centered on the robot.
221.585 INFO  /move_base: Got new plan
222.584 INFO  /move_base: Got new plan
223.584 INFO  /move_base: Got new plan
224.585 INFO  /move_base: Got new plan
225.584 INFO  /move_base: Got new plan
226.584 INFO  /move_base: Got new plan
227.585 INFO  /move_base: Got new plan
228.584 INFO  /move_base: Got new plan
229.585 INFO  /move_base: Got new plan
230.584 INFO  /move_base: Got new plan
231.584 INFO  /move_base: Got new plan
232.584 INFO  /move_base: Got new plan
233.584 INFO  /move_base: Got new plan
234.584 INFO  /move_base: Got new plan
235.584 INFO  /move_base: Got new plan
236.584 INFO  /move_base: Got new plan
237.584 INFO  /move_base: Got new plan
238.584 INFO  /move_base: Got new plan
239.584 INFO  /move_base: Got new plan
240.584 INFO  /move_base: Got new plan
241.584 INFO  /move_base: Got new plan
242.584 INFO  /move_base: Got new plan
243.584 INFO  /move_base: Got new plan
244.584 INFO  /move_base: Got new plan
245.584 INFO  /move_base: Got new plan
246.584 INFO  /move_base: Got new plan
247.584 INFO  /move_base: Got new plan
248.584 INFO  /move_base: Got new plan
249.584 INFO  /move_base: Got new plan
250.584 INFO  /move_base: Got new plan
251.585 INFO  /move_base: Got new plan
252.586 INFO  /move_base: Got new plan
253.585 INFO  /move_base: Got new plan
254.584 INFO  /move_base: Got new plan
255.584 INFO  /move_base: Got new plan
256.584 INFO  /move_base: Got new plan
257.584 INFO  /move_base: Got new plan
258.585 INFO  /move_base: Got new plan
259.584 INFO  /move_base: Got new plan
260.584 INFO  /move_base: Got new plan
261.584 INFO  /move_base: Got new plan
262.584 INFO  /move_base: Got new plan
263.584 INFO  /move_base: Got new plan
264.584 INFO  /move_base: Got new plan
265.584 INFO  /move_base: Got new plan
266.584 INFO  /move_base: Got new plan
267.584 INFO  /move_base: Got new plan
268.585 INFO  /move_base: Got new plan
269.584 INFO  /move_base: Got new plan
270.585 INFO  /move_base: Got new plan
271.584 INFO  /move_base: Got new plan
272.584 INFO  /move_base: Got new plan
273.584 INFO  /move_base: Got new plan
274.584 INFO  /move_base: Got new plan
275.584 INFO  /move_base: Got new plan
276.585 INFO  /move_base: Got new plan
277.585 INFO  /move_base: Got new plan
278.585 INFO  /move_base: Got new plan
279.584 INFO  /move_base: Got new plan
280.584 INFO  /move_base: Got new plan
281.584 INFO  /move_base: Got new plan
282.585 INFO  /move_base: Got new plan
283.584 INFO  /move_base: Got new plan
284.584 INFO  /move_base: Got new plan
285.585 INFO  /move_base: Got new plan
286.584 INFO  /move_base: Got new plan
287.584 INFO  /move_base: Got new plan
288.584 INFO  /move_base: Got new plan
289.584 INFO  /move_base: Got new plan
290.585 INFO  /move_base: Got new plan
291.584 INFO  /move_base: Got new plan
292.584 INFO  /move_base: Got new plan
293.506 INFO  /move_base: Got new plan
294.584 INFO  /move_base: Got new plan
295.585 INFO  /move_base: Got new plan
296.584 INFO  /move_base: Got new plan
297.584 INFO  /move_base: Got new plan
298.584 INFO  /move_base: Got new plan
299.584 INFO  /move_base: Got new plan
300.584 INFO  /move_base: Got new plan
301.585 INFO  /move_base: Got new plan
302.584 INFO  /move_base: Got new plan
303.584 INFO  /move_base: Got new plan
304.584 INFO  /move_base: Got new plan
305.584 INFO  /move_base: Got new plan
306.584 INFO  /move_base: Got new plan
307.584 INFO  /move_base: Got new plan
308.584 INFO  /move_base: Got new plan
309.584 INFO  /move_base: Got new plan
310.584 INFO  /move_base: Got new plan
311.585 INFO  /move_base: Got new plan
312.584 INFO  /move_base: Got new plan
313.584 INFO  /move_base: Got new plan
314.584 INFO  /move_base: Got new plan
315.584 INFO  /move_base: Got new plan
316.584 INFO  /move_base: Got new plan
317.585 INFO  /move_base: Got new plan
318.584 INFO  /move_base: Got new plan
319.584 INFO  /move_base: Got new plan
320.584 INFO  /move_base: Got new plan
321.585 INFO  /move_base: Got new plan
322.584 INFO  /move_base: Got new plan
323.584 INFO  /move_base: Got new plan
324.584 INFO  /move_base: Got new plan
325.584 INFO  /move_base: Got new plan
326.584 INFO  /move_base: Got new plan
327.585 INFO  /move_base: Got new plan
328.584 INFO  /move_base: Got new plan
329.584 INFO  /move_base: Got new plan
330.585 INFO  /move_base: Got new plan
331.584 INFO  /move_base: Got new plan
332.584 INFO  /move_base: Got new plan
333.584 INFO  /move_base: Got new plan
333.752 WARN  /move_base: DWA planner failed to produce path.
333.834 INFO  /move_base: Got new plan
334.834 INFO  /move_base: Got new plan
335.834 INFO  /move_base: Got new plan
336.834 INFO  /move_base: Got new plan
337.584 INFO  /move_base: Got new plan
338.584 INFO  /move_base: Got new plan
339.584 INFO  /move_base: Got new plan
340.584 INFO  /move_base: Got new plan
341.584 INFO  /move_base: Got new plan
342.584 INFO  /move_base: Got new plan
343.584 INFO  /move_base: Got new plan
344.585 INFO  /move_base: Got new plan
345.585 INFO  /move_base: Got new plan
346.584 INFO  /move_base: Got new plan
347.585 INFO  /move_base: Got new plan
348.585 INFO  /move_base: Got new plan
349.585 INFO  /move_base: Got new plan
350.584 INFO  /move_base: Got new plan
351.584 INFO  /move_base: Got new plan
352.585 INFO  /move_base: Got new plan
353.584 INFO  /move_base: Got new plan
354.584 INFO  /move_base: Got new plan
354.752 WARN  /move_base: DWA planner failed to produce path.
354.834 INFO  /move_base: Got new plan
355.834 INFO  /move_base: Got new plan
356.834 INFO  /move_base: Got new plan
357.584 INFO  /move_base: Got new plan
358.585 INFO  /move_base: Got new plan
359.584 INFO  /move_base: Got new plan
360.585 INFO  /move_base: Got new plan
361.584 INFO  /move_base: Got new plan
362.584 INFO  /move_base: Got new plan
363.584 INFO  /move_base: Got new plan
364.584 INFO  /move_base: Got new plan
365.584 INFO  /move_base: Got new plan
366.584 INFO  /move_base: Got new plan
367.584 INFO  /move_base: Got new plan
368.584 INFO  /move_base: Got new plan
369.585 INFO  /move_base: Got new plan
370.584 INFO  /move_base: Got new plan
371.584 INFO  /move_base: Got new plan
372.586 INFO  /move_base: Got new plan
373.585 INFO  /move_base: Got new plan
374.585 INFO  /move_base: Got new plan
375.585 INFO  /move_base: Got new plan
376.584 INFO  /move_base: Got new plan
377.584 INFO  /move_base: Got new plan
378.584 INFO  /move_base: Got new plan
379.584 INFO  /move_base: Got new plan
380.584 INFO  /move_base: Got new plan
381.585 INFO  /move_base: Got new plan
382.584 INFO  /move_base: Got new plan
383.584 INFO  /move_base: Got new plan
384.585 INFO  /move_base: Got new plan
385.584 INFO  /move_base: Got new plan
386.584 INFO  /move_base: Got new plan
387.584 INFO  /move_base: Got new plan
388.584 INFO  /move_base: Got new plan
389.585 INFO  /move_base: Got new plan
390.585 INFO  /move_base: Got new plan
391.585 INFO  /move_base: Got new plan
392.584 INFO  /move_base: Got new plan
393.585 INFO  /move_base: Got new plan
394.585 INFO  /move_base: Got new plan
395.584 INFO  /move_base: Got new plan
396.585 INFO  /move_base: Got new plan
397.584 INFO  /move_base: Got new plan
398.586 INFO  /move_base: Got new plan
399.586 INFO  /move_base: Got new plan
400.585 INFO  /move_base: Got new plan
401.584 INFO  /move_base: Got new plan
402.584 INFO  /move_base: Got new plan
403.584 INFO  /move_base: Got new plan
404.584 INFO  /move_base: Got new plan
405.584 INFO  /move_base: Got new plan
406.585 INFO  /move_base: Got new plan
407.584 INFO  /move_base: Got new plan
408.584 INFO  /move_base: Got new plan
409.584 INFO  /move_base: Got new plan
410.584 INFO  /move_base: Got new plan
411.584 INFO  /move_base: Got new plan
412.584 INFO  /move_base: Got new plan
413.584 INFO  /move_base: Got new plan
414.584 INFO  /move_base: Got new plan
415.584 INFO  /move_base: Got new plan
416.585 INFO  /move_base: Got new plan
417.584 INFO  /move_base: Got new plan
418.584 INFO  /move_base: Got new plan
419.584 INFO  /move_base: Got new plan
420.585 INFO  /move_base: Got new plan
421.584 INFO  /move_base: Got new plan
422.585 INFO  /move_base: Got new plan
423.584 INFO  /move_base: Got new plan
424.585 INFO  /move_base: Got new plan
425.584 INFO  /move_base: Got new plan
426.584 INFO  /move_base: Got new plan
427.584 INFO  /move_base: Got new plan
428.584 INFO  /move_base: Got new plan
429.585 INFO  /move_base: Got new plan
430.584 INFO  /move_base: Got new plan
431.585 INFO  /move_base: Got new plan
432.585 INFO  /move_base: Got new plan
433.585 INFO  /move_base: Got new plan
434.584 INFO  /move_base: Got new plan
435.587 INFO  /move_base: Got new plan
436.584 INFO  /move_base: Got new plan
437.584 INFO  /move_base: Got new plan
438.584 INFO  /move_base: Got new plan
439.584 INFO  /move_base: Got new plan
440.584 INFO  /move_base: Got new plan
441.584 INFO  /move_base: Got new plan
442.584 INFO  /move_base: Got new plan
443.584 INFO  /move_base: Got new plan
444.585 INFO  /move_base: Got new plan
445.584 INFO  /move_base: Got new plan
446.584 INFO  /move_base: Got new plan
447.584 INFO  /move_base: Got new plan
448.502 INFO  /move_base: Got new plan
449.584 INFO  /move_base: Got new plan
450.584 INFO  /move_base: Got new plan
451.585 INFO  /move_base: Got new plan
452.584 INFO  /move_base: Got new plan
453.584 INFO  /move_base: Got new plan
454.584 INFO  /move_base: Got new plan
455.584 INFO  /move_base: Got new plan
456.584 INFO  /move_base: Got new plan
457.584 INFO  /move_base: Got new plan
458.585 INFO  /move_base: Got new plan
459.585 INFO  /move_base: Got new plan
460.584 INFO  /move_base: Got new plan
461.585 INFO  /move_base: Got new plan
462.585 INFO  /move_base: Got new plan
463.584 INFO  /move_base: Got new plan
464.584 INFO  /move_base: Got new plan
465.585 INFO  /move_base: Got new plan
466.584 INFO  /move_base: Got new plan
467.585 INFO  /move_base: Got new plan
468.584 INFO  /move_base: Got new plan
469.584 INFO  /move_base: Got new plan
470.584 INFO  /move_base: Got new plan
471.584 INFO  /move_base: Got new plan
472.584 INFO  /move_base: Got new plan
473.584 INFO  /move_base: Got new plan
474.584 INFO  /move_base: Got new plan
475.584 INFO  /move_base: Got new plan
476.584 INFO  /move_base: Got new plan
477.584 INFO  /move_base: Got new plan
478.584 INFO  /move_base: Got new plan
479.584 INFO  /move_base: Got new plan
480.584 INFO  /move_base: Got new plan
481.585 INFO  /move_base: Got new plan
482.584 INFO  /move_base: Got new plan
483.585 INFO  /move_base: Got new plan
484.584 INFO  /move_base: Got new plan
485.501 INFO  /move_base: Got new plan
486.584 INFO  /move_base: Got new plan
487.584 INFO  /move_base: Got new plan
488.584 INFO  /move_base: Got new plan
489.584 INFO  /move_base: Got new plan
490.584 INFO  /move_base: Got new plan
491.584 INFO  /move_base: Got new plan
492.584 INFO  /move_base: Got new plan
493.584 INFO  /move_base: Got new plan
494.584 INFO  /move_base: Got new plan
495.584 INFO  /move_base: Got new plan
496.584 INFO  /move_base: Got new plan
497.502 INFO  /move_base: Got new plan
497.584 INFO  /move_base: Got new plan
498.584 INFO  /move_base: Got new plan
499.584 INFO  /move_base: Got new plan
500.584 INFO  /move_base: Got new plan
501.584 INFO  /move_base: Got new plan
502.585 INFO  /move_base: Got new plan
503.584 INFO  /move_base: Got new plan
504.584 INFO  /move_base: Got new plan
505.584 INFO  /move_base: Got new plan
506.584 INFO  /move_base: Got new plan
507.584 INFO  /move_base: Got new plan
508.584 INFO  /move_base: Got new plan
509.584 INFO  /move_base: Got new plan
510.584 INFO  /move_base: Got new plan
511.584 INFO  /move_base: Got new plan
512.584 INFO  /move_base: Got new plan
513.584 INFO  /move_base: Got new plan
514.502 INFO  /move_base: Got new plan
515.584 INFO  /move_base: Got new plan
516.585 INFO  /move_base: Got new plan
517.584 INFO  /move_base: Got new plan
518.584 INFO  /move_base: Got new plan
519.584 INFO  /move_base: Got new plan
520.584 INFO  /move_base: Got new plan
521.584 INFO  /move_base: Got new plan
522.585 INFO  /move_base: Got new plan
523.585 INFO  /move_base: Got new plan
524.585 INFO  /move_base: Got new plan
525.584 INFO  /move_base: Got new plan
526.584 INFO  /move_base: Got new plan
527.584 INFO  /move_base: Got new plan
528.584 INFO  /move_base: Got new plan
529.584 INFO  /move_base: Got new plan
530.585 INFO  /move_base: Got new plan
531.585 INFO  /move_base: Got new plan
532.585 INFO  /move_base: Got new plan
533.585 INFO  /move_base: Got new plan
534.585 INFO  /move_base: Got new plan
535.584 INFO  /move_base: Got new plan
536.584 INFO  /move_base: Got new plan
537.585 INFO  /move_base: Got new plan
538.584 INFO  /move_base: Got new plan
539.584 INFO  /move_base: Got new plan
540.584 INFO  /move_base: Got new plan
541.584 INFO  /move_base: Got new plan
542.584 INFO  /move_base: Got new plan
543.587 INFO  /move_base: Got new plan
544.585 INFO  /move_base: Got new plan
545.584 INFO  /move_base: Got new plan
546.585 INFO  /move_base: Got new plan
547.584 INFO  /move_base: Got new plan
548.584 INFO  /move_base: Got new plan
549.585 INFO  /move_base: Got new plan
550.584 INFO  /move_base: Got new plan
551.587 INFO  /move_base: Got new plan
552.584 INFO  /move_base: Got new plan
553.584 INFO  /move_base: Got new plan
554.584 INFO  /move_base: Got new plan
555.584 INFO  /move_base: Got new plan
556.584 INFO  /move_base: Got new plan
557.584 INFO  /move_base: Got new plan
558.585 INFO  /move_base: Got new plan
559.585 INFO  /move_base: Got new plan
560.584 INFO  /move_base: Got new plan
561.584 INFO  /move_base: Got new plan
562.585 INFO  /move_base: Got new plan
563.585 INFO  /move_base: Got new plan
564.584 INFO  /move_base: Got new plan
565.584 INFO  /move_base: Got new plan
566.584 INFO  /move_base: Got new plan
567.584 INFO  /move_base: Got new plan
568.584 INFO  /move_base: Got new plan
569.584 INFO  /move_base: Got new plan
570.584 INFO  /move_base: Got new plan
571.584 INFO  /move_base: Got new plan
572.584 INFO  /move_base: Got new plan
573.585 INFO  /move_base: Got new plan
574.584 INFO  /move_base: Got new plan
575.585 INFO  /move_base: Got new plan
576.584 INFO  /move_base: Got new plan
577.584 INFO  /move_base: Got new plan
578.584 INFO  /move_base: Got new plan
579.585 INFO  /move_base: Got new plan
580.584 INFO  /move_base: Got new plan
581.584 INFO  /move_base: Got new plan
582.584 INFO  /move_base: Got new plan
583.584 INFO  /move_base: Got new plan
584.585 INFO  /move_base: Got new plan
585.585 INFO  /move_base: Got new plan
586.584 INFO  /move_base: Got new plan
587.585 INFO  /move_base: Got new plan
588.584 INFO  /move_base: Got new plan
589.584 INFO  /move_base: Got new plan
590.584 INFO  /move_base: Got new plan
591.584 INFO  /move_base: Got new plan
592.586 INFO  /move_base: Got new plan
593.584 INFO  /move_base: Got new plan
594.584 INFO  /move_base: Got new plan
595.584 INFO  /move_base: Got new plan
596.584 INFO  /move_base: Got new plan
597.584 INFO  /move_base: Got new plan
598.584 INFO  /move_base: Got new plan
599.584 INFO  /move_base: Got new plan
600.584 INFO  /move_base: Got new plan
601.585 INFO  /move_base: Got new plan
602.584 INFO  /move_base: Got new plan
603.584 INFO  /move_base: Got new plan
604.584 INFO  /move_base: Got new plan
605.584 INFO  /move_base: Got new plan
606.586 INFO  /move_base: Got new plan
607.584 INFO  /move_base: Got new plan
608.585 INFO  /move_base: Got new plan
609.584 INFO  /move_base: Got new plan
610.585 INFO  /move_base: Got new plan
611.584 INFO  /move_base: Got new plan
612.584 INFO  /move_base: Got new plan
613.584 INFO  /move_base: Got new plan
614.584 INFO  /move_base: Got new plan
615.584 INFO  /move_base: Got new plan
616.584 INFO  /move_base: Got new plan
617.584 INFO  /move_base: Got new plan
618.585 INFO  /move_base: Got new plan
619.584 INFO  /move_base: Got new plan
620.585 INFO  /move_base: Got new plan
621.584 INFO  /move_base: Got new plan
622.584 INFO  /move_base: Got new plan
623.585 INFO  /move_base: Got new plan
624.585 INFO  /move_base: Got new plan
625.585 INFO  /move_base: Got new plan
626.584 INFO  /move_base: Got new plan
627.588 INFO  /move_base: Got new plan
628.584 INFO  /move_base: Got new plan
629.585 INFO  /move_base: Got new plan
630.584 INFO  /move_base: Got new plan
631.584 INFO  /move_base: Got new plan
632.585 INFO  /move_base: Got new plan
633.584 INFO  /move_base: Got new plan
634.585 INFO  /move_base: Got new plan
635.584 INFO  /move_base: Got new plan
636.584 INFO  /move_base: Got new plan
637.584 INFO  /move_base: Got new plan
638.585 INFO  /move_base: Got new plan
639.584 INFO  /move_base: Got new plan
640.584 INFO  /move_base: Got new plan
641.585 INFO  /move_base: Got new plan
642.588 INFO  /move_base: Got new plan
643.584 INFO  /move_base: Got new plan
644.584 INFO  /move_base: Got new plan
645.584 INFO  /move_base: Got new plan
646.584 INFO  /move_base: Got new plan
647.584 INFO  /move_base: Got new plan
648.584 INFO  /move_base: Got new plan
649.584 INFO  /move_base: Got new plan
650.585 INFO  /move_base: Got new plan
651.585 INFO  /move_base: Got new plan
652.584 INFO  /move_base: Got new plan
653.584 INFO  /move_base: Got new plan
654.585 INFO  /move_base: Got new plan
655.584 INFO  /move_base: Got new plan
656.584 INFO  /move_base: Got new plan
657.584 INFO  /move_base: Got new plan
658.584 INFO  /move_base: Got new plan
659.584 INFO  /move_base: Got new plan
660.584 INFO  /move_base: Got new plan
661.584 INFO  /move_base: Got new plan
662.584 INFO  /move_base: Got new plan
663.584 INFO  /move_base: Got new plan
664.584 INFO  /move_base: Got new plan
665.585 INFO  /move_base: Got new plan
666.585 INFO  /move_base: Got new plan
667.584 INFO  /move_base: Got new plan
668.585 INFO  /move_base: Got new plan
669.584 INFO  /move_base: Got new plan
670.584 INFO  /move_base: Got new plan
671.584 INFO  /move_base: Got new plan
672.584 INFO  /move_base: Got new plan
673.584 INFO  /move_base: Got new plan
674.584 INFO  /move_base: Got new plan
674.773 WARN  /move_base: Control loop missed its desired rate of 12.0000Hz... the loop actually took 0.1060 seconds
674.844 WARN  /move_base: Control loop missed its desired rate of 12.0000Hz... the loop actually took 0.0917 seconds
674.920 WARN  /move_base: Control loop missed its desired rate of 12.0000Hz... the loop actually took 0.0863 seconds
675.004 WARN  /move_base: Control loop missed its desired rate of 12.0000Hz... the loop actually took 0.0870 seconds
675.005 WARN  /move_base: Map update loop missed its desired rate of 8.0000Hz... the loop actually took 0.1540 seconds
675.584 INFO  /move_base: Got new plan
676.584 INFO  /move_base: Got new plan
677.584 INFO  /move_base: Got new plan
678.584 INFO  /move_base: Got new plan
679.585 INFO  /move_base: Got new plan
680.584 INFO  /move_base: Got new plan
681.417 INFO  /explore: Exploration stopped.
681.504 INFO  /explore: Exploration stopped.
